<?xml version="1.0" encoding="UTF-8"?>
<!-- Generated by org.testng.reporters.JUnitReportReporter -->
<testsuite hostname="Purti" failures="0" tests="3" name="com.graphql.tests.GraphQLQueryTest" time="9.791" errors="0" timestamp="22 Jun 2021 16:44:01 GMT" skipped="0">
  <testcase classname="com.graphql.tests.GraphQLQueryTest" name="getAllUsersTestWithDataTest" time="1.101"/>
  <testcase classname="com.graphql.tests.GraphQLQueryTest" name="getAllFilmsTest" time="7.368"/>
  <testcase classname="com.graphql.tests.GraphQLQueryTest" name="getAllUsersTest" time="1.322"/>
</testsuite> <!-- com.graphql.tests.GraphQLQueryTest -->
