<?xml version="1.0" encoding="UTF-8"?>
<!-- Generated by org.testng.reporters.JUnitReportReporter -->
<testsuite hostname="Purti" failures="0" tests="2" name="com.graphql.tests.GraphQLQueryTest" time="10.199" errors="0" timestamp="18 Jun 2021 16:38:10 GMT" skipped="0">
  <testcase classname="com.graphql.tests.GraphQLQueryTest" name="getAllFilmsTest" time="8.802"/>
  <testcase classname="com.graphql.tests.GraphQLQueryTest" name="getAllUsersTest" time="1.397"/>
</testsuite> <!-- com.graphql.tests.GraphQLQueryTest -->
