<?xml version="1.0" encoding="UTF-8"?>
<!-- Generated by org.testng.reporters.JUnitReportReporter -->
<testsuite hostname="Purti" failures="0" tests="4" name="com.graphql.tests.GraphQLQueryTest" time="11.844" errors="0" timestamp="26 Jun 2021 08:24:15 GMT" skipped="0">
  <testcase classname="com.graphql.tests.GraphQLQueryTest" name="getAllUser_WithPojoTest" time="2.070"/>
  <testcase classname="com.graphql.tests.GraphQLQueryTest" name="getAllUsersTest" time="1.230"/>
  <testcase classname="com.graphql.tests.GraphQLQueryTest" name="getAllFilmsTest" time="7.532"/>
  <testcase classname="com.graphql.tests.GraphQLQueryTest" name="getAllUsersTestWithDataTest" time="1.012"/>
</testsuite> <!-- com.graphql.tests.GraphQLQueryTest -->
